<?xml version="1.0" encoding="UTF-8"?>
<testsuite name="com.codechallenge.service.OrderServiceTest" time="0.842" tests="4" errors="0" skipped="2" failures="0">
  <properties>
[...]
</properties>
  <testcase name="createOrderTest" classname="com.codechallenge.service.OrderServiceTest" time="0">
    <skipped/>
    <system-out><![CDATA[2017-03-13 12:03:49.336  INFO 10232 --- [           main] .b.t.c.SpringBootTestContextBootstrapper : Neither @ContextConfiguration nor @ContextHierarchy found for test class [com.codechallenge.service.OrderServiceTest], using SpringBootContextLoader
2017-03-13 12:03:49.338  INFO 10232 --- [           main] o.s.t.c.support.AbstractContextLoader    : Could not detect default resource locations for test class [com.codechallenge.service.OrderServiceTest]: no resource found for suffixes {-context.xml, Context.groovy}.
2017-03-13 12:03:49.338  INFO 10232 --- [           main] t.c.s.AnnotationConfigContextLoaderUtils : Could not detect default configuration classes for test class [com.codechallenge.service.OrderServiceTest]: OrderServiceTest does not declare any static, non-private, non-final, nested classes annotated with @Configuration.
2017-03-13 12:03:49.342  INFO 10232 --- [           main] .b.t.c.SpringBootTestContextBootstrapper : Found @SpringBootConfiguration com.codechallenge.CodechallengeApplication for test class com.codechallenge.service.OrderServiceTest
2017-03-13 12:03:49.344  INFO 10232 --- [           main] .b.t.c.SpringBootTestContextBootstrapper : Loaded default TestExecutionListener class names from location [META-INF/spring.factories]: [org.springframework.boot.test.mock.mockito.MockitoTestExecutionListener, org.springframework.boot.test.mock.mockito.ResetMocksTestExecutionListener, org.springframework.boot.test.autoconfigure.restdocs.RestDocsTestExecutionListener, org.springframework.boot.test.autoconfigure.web.client.MockRestServiceServerResetTestExecutionListener, org.springframework.boot.test.autoconfigure.web.servlet.MockMvcPrintOnlyOnFailureTestExecutionListener, org.springframework.boot.test.autoconfigure.web.servlet.WebDriverTestExecutionListener, org.springframework.test.context.web.ServletTestExecutionListener, org.springframework.test.context.support.DirtiesContextBeforeModesTestExecutionListener, org.springframework.test.context.support.DependencyInjectionTestExecutionListener, org.springframework.test.context.support.DirtiesContextTestExecutionListener, org.springframework.test.context.transaction.TransactionalTestExecutionListener, org.springframework.test.context.jdbc.SqlScriptsTestExecutionListener]
2017-03-13 12:03:49.349  INFO 10232 --- [           main] .b.t.c.SpringBootTestContextBootstrapper : Using TestExecutionListeners: [org.springframework.test.context.web.ServletTestExecutionListener@41ec4271, org.springframework.test.context.support.DirtiesContextBeforeModesTestExecutionListener@70aa58e1, org.springframework.boot.test.autoconfigure.SpringBootDependencyInjectionTestExecutionListener@154f8280, org.springframework.test.context.support.DirtiesContextTestExecutionListener@24f90aff, org.springframework.test.context.transaction.TransactionalTestExecutionListener@7252bdb, org.springframework.test.context.jdbc.SqlScriptsTestExecutionListener@25ea068e, org.springframework.boot.test.autoconfigure.restdocs.RestDocsTestExecutionListener@4cd8db31, org.springframework.boot.test.mock.mockito.ResetMocksTestExecutionListener@201a8ea7, org.springframework.boot.test.autoconfigure.web.client.MockRestServiceServerResetTestExecutionListener@ecf028c, org.springframework.boot.test.autoconfigure.web.servlet.MockMvcPrintOnlyOnFailureTestExecutionListener@7b64bbad, org.springframework.boot.test.autoconfigure.web.servlet.WebDriverTestExecutionListener@71eff6a3, org.springframework.boot.test.mock.mockito.MockitoTestExecutionListener@574218f]
]]></system-out>
  </testcase>
  <testcase name="placeOrderTest" classname="com.codechallenge.service.OrderServiceTest" time="0.805"/>
  <testcase name="orderListingTest" classname="com.codechallenge.service.OrderServiceTest" time="0.037"/>
  <testcase name="placeOrderTestForOutOfStock" classname="com.codechallenge.service.OrderServiceTest" time="0">
    <skipped/>
  </testcase>
</testsuite>